<?xml version="1.0" encoding="UTF-8"?>
<!-- Generated by org.testng.reporters.JUnitXMLReporter -->
<testsuite ignored="0" hostname="MSI" failures="0" tests="5" name="Test" time="35.479" errors="0" timestamp="2026-02-22T12:58:48 IST">
  <testcase classname="com.HybridFramework.TestCases.LoginDataDrivenTest" name="verify_login_DDT" time="6.551"/>
  <testcase classname="com.HybridFramework.TestCases.LoginDataDrivenTest" name="verify_login_DDT" time="6.42"/>
  <testcase classname="com.HybridFramework.TestCases.LoginDataDrivenTest" name="verify_login_DDT" time="7.854"/>
  <testcase classname="com.HybridFramework.TestCases.LoginDataDrivenTest" name="verify_login_DDT" time="6.399"/>
  <testcase classname="com.HybridFramework.TestCases.LoginDataDrivenTest" name="verify_login_DDT" time="1.953"/>
</testsuite> <!-- Test -->
