<?xml version="1.0" encoding="UTF-8"?>
<testsuite xmlns:xsi="http://www.w3.org/2001/XMLSchema-instance" xsi:noNamespaceSchemaLocation="https://maven.apache.org/surefire/maven-surefire-plugin/xsd/surefire-test-report.xsd" version="3.0.2" name="TestSuite" time="37.804" tests="5" errors="0" skipped="0" failures="0">
  <properties>
[...]
</properties>
  <testcase name="verify_login_DDT[ahiih, 67gug8g, invalid](1)" classname="com.HybridFramework.TestCases.LoginDataDrivenTest" time="6.568">
    <system-err><![CDATA[SLF4J(W): No SLF4J providers were found.
SLF4J(W): Defaulting to no-operation (NOP) logger implementation
SLF4J(W): See https://www.slf4j.org/codes.html#noProviders for further details.
SLF4J(W): Class path contains SLF4J bindings targeting slf4j-api versions 1.7.x or earlier.
SLF4J(W): Ignoring binding found at [jar:file:/C:/Users/AYUSH%20S/.m2/repository/org/apache/logging/log4j/log4j-slf4j-impl/2.25.3/log4j-slf4j-impl-2.25.3.jar!/org/slf4j/impl/StaticLoggerBinder.class]
SLF4J(W): See https://www.slf4j.org/codes.html#ignoredBindings for an explanation.
2026-02-22T07:28:12.437915900Z main INFO Starting configuration XmlConfiguration[location=C:\Users\AYUSH S\eclipse-workspace\HybridFramework\target\test-classes\log4j2.xml, lastModified=2026-02-14T07:33:02.617Z]...
2026-02-22T07:28:12.439925600Z main INFO Configuration XmlConfiguration[location=C:\Users\AYUSH S\eclipse-workspace\HybridFramework\target\test-classes\log4j2.xml, lastModified=2026-02-14T07:33:02.617Z] started.
2026-02-22T07:28:12.442925900Z main INFO Stopping configuration org.apache.logging.log4j.core.config.DefaultConfiguration@69653e16...
2026-02-22T07:28:12.443926700Z main INFO Configuration org.apache.logging.log4j.core.config.DefaultConfiguration@69653e16 stopped.
Feb 22, 2026 12:58:14 PM org.openqa.selenium.devtools.CdpVersionFinder findNearestMatch
WARNING: Unable to find an exact match for CDP version 145, returning the closest version; found: 144; Please update to a Selenium version that supports CDP version 145
]]></system-err>
  </testcase>
  <testcase name="verify_login_DDT[vhviiv, 67g8ggu, invalid](2)" classname="com.HybridFramework.TestCases.LoginDataDrivenTest" time="6.419"/>
  <testcase name="verify_login_DDT[, 66hhh, invalid](3)" classname="com.HybridFramework.TestCases.LoginDataDrivenTest" time="7.853"/>
  <testcase name="verify_login_DDT[fuhigu, 868tty, invalid](4)" classname="com.HybridFramework.TestCases.LoginDataDrivenTest" time="6.385"/>
  <testcase name="verify_login_DDT[ayushpappu000@gmail.com, b4gauEPF#2UaBE, valid](5)" classname="com.HybridFramework.TestCases.LoginDataDrivenTest" time="1.94"/>
</testsuite>