<?xml version="1.0" encoding="UTF-8"?>
<testng-results ignored="0" total="5" passed="5" failed="0" skipped="0">
  <reporter-output>
  </reporter-output>
  <suite started-at="2026-02-22T12:58:11 IST" name="Suite" finished-at="2026-02-22T12:58:46 IST" duration-ms="35479">
    <groups>
    </groups>
    <test started-at="2026-02-22T12:58:11 IST" name="Test" finished-at="2026-02-22T12:58:46 IST" duration-ms="35479">
      <class name="com.HybridFramework.TestCases.LoginDataDrivenTest">
        <test-method is-config="true" signature="setup(java.lang.String)[pri:0, instance:com.HybridFramework.TestCases.LoginDataDrivenTest@3febb011]" started-at="2026-02-22T12:58:11 IST" name="setup" finished-at="2026-02-22T12:58:15 IST" duration-ms="4278" status="PASS">
          <params>
            <param index="0">
              <value>
                <![CDATA[chromeheadless]]>
              </value>
            </param>
          </params>
          <reporter-output>
          </reporter-output>
        </test-method> <!-- setup -->
        <test-method signature="verify_login_DDT(java.lang.String,java.lang.String,java.lang.String)[pri:0, instance:com.HybridFramework.TestCases.LoginDataDrivenTest@3febb011]" started-at="2026-02-22T12:58:17 IST" name="verify_login_DDT" data-provider="LoginData" finished-at="2026-02-22T12:58:23 IST" duration-ms="6551" status="PASS">
          <params>
            <param index="0">
              <value>
                <![CDATA[ahiih]]>
              </value>
            </param>
            <param index="1">
              <value>
                <![CDATA[67gug8g]]>
              </value>
            </param>
            <param index="2">
              <value>
                <![CDATA[invalid]]>
              </value>
            </param>
          </params>
          <reporter-output>
          </reporter-output>
        </test-method> <!-- verify_login_DDT -->
        <test-method signature="verify_login_DDT(java.lang.String,java.lang.String,java.lang.String)[pri:0, instance:com.HybridFramework.TestCases.LoginDataDrivenTest@3febb011]" started-at="2026-02-22T12:58:23 IST" name="verify_login_DDT" data-provider="LoginData" finished-at="2026-02-22T12:58:30 IST" duration-ms="6420" status="PASS">
          <params>
            <param index="0">
              <value>
                <![CDATA[vhviiv]]>
              </value>
            </param>
            <param index="1">
              <value>
                <![CDATA[67g8ggu]]>
              </value>
            </param>
            <param index="2">
              <value>
                <![CDATA[invalid]]>
              </value>
            </param>
          </params>
          <reporter-output>
          </reporter-output>
        </test-method> <!-- verify_login_DDT -->
        <test-method signature="verify_login_DDT(java.lang.String,java.lang.String,java.lang.String)[pri:0, instance:com.HybridFramework.TestCases.LoginDataDrivenTest@3febb011]" started-at="2026-02-22T12:58:30 IST" name="verify_login_DDT" data-provider="LoginData" finished-at="2026-02-22T12:58:38 IST" duration-ms="7854" status="PASS">
          <params>
            <param index="0">
              <value>
                <![CDATA[]]>
              </value>
            </param>
            <param index="1">
              <value>
                <![CDATA[66hhh]]>
              </value>
            </param>
            <param index="2">
              <value>
                <![CDATA[invalid]]>
              </value>
            </param>
          </params>
          <reporter-output>
          </reporter-output>
        </test-method> <!-- verify_login_DDT -->
        <test-method signature="verify_login_DDT(java.lang.String,java.lang.String,java.lang.String)[pri:0, instance:com.HybridFramework.TestCases.LoginDataDrivenTest@3febb011]" started-at="2026-02-22T12:58:38 IST" name="verify_login_DDT" data-provider="LoginData" finished-at="2026-02-22T12:58:44 IST" duration-ms="6399" status="PASS">
          <params>
            <param index="0">
              <value>
                <![CDATA[fuhigu]]>
              </value>
            </param>
            <param index="1">
              <value>
                <![CDATA[868tty]]>
              </value>
            </param>
            <param index="2">
              <value>
                <![CDATA[invalid]]>
              </value>
            </param>
          </params>
          <reporter-output>
          </reporter-output>
        </test-method> <!-- verify_login_DDT -->
        <test-method signature="verify_login_DDT(java.lang.String,java.lang.String,java.lang.String)[pri:0, instance:com.HybridFramework.TestCases.LoginDataDrivenTest@3febb011]" started-at="2026-02-22T12:58:44 IST" name="verify_login_DDT" data-provider="LoginData" finished-at="2026-02-22T12:58:46 IST" duration-ms="1953" status="PASS">
          <params>
            <param index="0">
              <value>
                <![CDATA[ayushpappu000@gmail.com]]>
              </value>
            </param>
            <param index="1">
              <value>
                <![CDATA[b4gauEPF#2UaBE]]>
              </value>
            </param>
            <param index="2">
              <value>
                <![CDATA[valid]]>
              </value>
            </param>
          </params>
          <reporter-output>
          </reporter-output>
        </test-method> <!-- verify_login_DDT -->
        <test-method is-config="true" signature="tearDown()[pri:0, instance:com.HybridFramework.TestCases.LoginDataDrivenTest@3febb011]" started-at="2026-02-22T12:58:46 IST" name="tearDown" finished-at="2026-02-22T12:58:46 IST" duration-ms="278" status="PASS">
          <reporter-output>
          </reporter-output>
        </test-method> <!-- tearDown -->
      </class> <!-- com.HybridFramework.TestCases.LoginDataDrivenTest -->
    </test> <!-- Test -->
  </suite> <!-- Suite -->
</testng-results>
