<?xml version="1.0" encoding="UTF-8"?>
<testng-results ignored="0" total="3" passed="2" failed="1" skipped="0">
  <reporter-output>
  </reporter-output>
  <suite started-at="2026-02-21T21:12:05 IST" name="Suite" finished-at="2026-02-21T21:14:16 IST" duration-ms="131508">
    <groups>
    </groups>
    <test started-at="2026-02-21T21:12:05 IST" name="chromeTest" finished-at="2026-02-21T21:12:12 IST" duration-ms="7568">
      <class name="com.HybridFramework.TestCases.RegistrationTest">
        <test-method is-config="true" signature="setup(java.lang.String)[pri:0, instance:com.HybridFramework.TestCases.RegistrationTest@3cd3e762]" started-at="2026-02-21T21:12:05 IST" name="setup" finished-at="2026-02-21T21:12:09 IST" duration-ms="3883" status="PASS">
          <params>
            <param index="0">
              <value>
                <![CDATA[chrome]]>
              </value>
            </param>
          </params>
          <reporter-output>
          </reporter-output>
        </test-method> <!-- setup -->
        <test-method signature="verify_registration()[pri:0, instance:com.HybridFramework.TestCases.RegistrationTest@3cd3e762]" started-at="2026-02-21T21:12:09 IST" name="verify_registration" finished-at="2026-02-21T21:12:12 IST" duration-ms="2803" status="PASS">
          <reporter-output>
          </reporter-output>
        </test-method> <!-- verify_registration -->
        <test-method is-config="true" signature="tearDown()[pri:0, instance:com.HybridFramework.TestCases.RegistrationTest@3cd3e762]" started-at="2026-02-21T21:12:12 IST" name="tearDown" finished-at="2026-02-21T21:12:12 IST" duration-ms="307" status="PASS">
          <reporter-output>
          </reporter-output>
        </test-method> <!-- tearDown -->
      </class> <!-- com.HybridFramework.TestCases.RegistrationTest -->
    </test> <!-- chromeTest -->
    <test started-at="2026-02-21T21:12:05 IST" name="firefoxTest" finished-at="2026-02-21T21:12:19 IST" duration-ms="14124">
      <class name="com.HybridFramework.TestCases.RegistrationTest">
        <test-method is-config="true" signature="setup(java.lang.String)[pri:0, instance:com.HybridFramework.TestCases.RegistrationTest@7dc0f706]" started-at="2026-02-21T21:12:05 IST" name="setup" finished-at="2026-02-21T21:12:15 IST" duration-ms="9432" status="PASS">
          <params>
            <param index="0">
              <value>
                <![CDATA[firefox]]>
              </value>
            </param>
          </params>
          <reporter-output>
          </reporter-output>
        </test-method> <!-- setup -->
        <test-method signature="verify_registration()[pri:0, instance:com.HybridFramework.TestCases.RegistrationTest@7dc0f706]" started-at="2026-02-21T21:12:15 IST" name="verify_registration" finished-at="2026-02-21T21:12:17 IST" duration-ms="2136" status="PASS">
          <reporter-output>
          </reporter-output>
        </test-method> <!-- verify_registration -->
        <test-method is-config="true" signature="tearDown()[pri:0, instance:com.HybridFramework.TestCases.RegistrationTest@7dc0f706]" started-at="2026-02-21T21:12:17 IST" name="tearDown" finished-at="2026-02-21T21:12:19 IST" duration-ms="2059" status="PASS">
          <reporter-output>
          </reporter-output>
        </test-method> <!-- tearDown -->
      </class> <!-- com.HybridFramework.TestCases.RegistrationTest -->
    </test> <!-- firefoxTest -->
    <test started-at="2026-02-21T21:12:05 IST" name="edgeTest" finished-at="2026-02-21T21:14:16 IST" duration-ms="131508">
      <class name="com.HybridFramework.TestCases.RegistrationTest">
        <test-method is-config="true" signature="setup(java.lang.String)[pri:0, instance:com.HybridFramework.TestCases.RegistrationTest@ae13544]" started-at="2026-02-21T21:12:05 IST" name="setup" finished-at="2026-02-21T21:14:14 IST" duration-ms="128660" status="PASS">
          <params>
            <param index="0">
              <value>
                <![CDATA[edge]]>
              </value>
            </param>
          </params>
          <reporter-output>
          </reporter-output>
        </test-method> <!-- setup -->
        <test-method signature="verify_registration()[pri:0, instance:com.HybridFramework.TestCases.RegistrationTest@ae13544]" started-at="2026-02-21T21:14:14 IST" name="verify_registration" finished-at="2026-02-21T21:14:16 IST" duration-ms="2241" status="FAIL">
          <exception class="java.lang.AssertionError">
            <message>
              <![CDATA[null]]>
            </message>
            <full-stacktrace>
              <![CDATA[java.lang.AssertionError: null
at org.testng.Assert.fail(Assert.java:111)
at org.testng.Assert.fail(Assert.java:116)
at com.HybridFramework.TestCases.RegistrationTest.verify_registration(RegistrationTest.java:45)
at java.base/jdk.internal.reflect.DirectMethodHandleAccessor.invoke(DirectMethodHandleAccessor.java:103)
at java.base/java.lang.reflect.Method.invoke(Method.java:580)
at org.testng.internal.invokers.MethodInvocationHelper.invokeMethod(MethodInvocationHelper.java:141)
at org.testng.internal.invokers.TestInvoker.invokeMethod(TestInvoker.java:697)
at org.testng.internal.invokers.TestInvoker.invokeTestMethod(TestInvoker.java:230)
at org.testng.internal.invokers.MethodRunner.runInSequence(MethodRunner.java:63)
at org.testng.internal.invokers.TestInvoker$MethodInvocationAgent.invoke(TestInvoker.java:1005)
at org.testng.internal.invokers.TestInvoker.invokeTestMethods(TestInvoker.java:203)
at org.testng.internal.invokers.TestMethodWorker.invokeTestMethods(TestMethodWorker.java:154)
at org.testng.internal.invokers.TestMethodWorker.run(TestMethodWorker.java:134)
at java.base/java.util.ArrayList.forEach(ArrayList.java:1596)
at org.testng.TestRunner.privateRun(TestRunner.java:744)
at org.testng.TestRunner.run(TestRunner.java:616)
at org.testng.SuiteRunner.runTest(SuiteRunner.java:421)
at org.testng.SuiteRunner$SuiteWorker.run(SuiteRunner.java:463)
at org.testng.internal.thread.ThreadUtil.lambda$execute$0(ThreadUtil.java:64)
at java.base/java.util.concurrent.FutureTask.run(FutureTask.java:317)
at java.base/java.util.concurrent.ThreadPoolExecutor.runWorker(ThreadPoolExecutor.java:1144)
at java.base/java.util.concurrent.ThreadPoolExecutor$Worker.run(ThreadPoolExecutor.java:642)
at java.base/java.lang.Thread.run(Thread.java:1583)
]]>
            </full-stacktrace>
          </exception> <!-- java.lang.AssertionError -->
          <reporter-output>
          </reporter-output>
        </test-method> <!-- verify_registration -->
        <test-method is-config="true" signature="tearDown()[pri:0, instance:com.HybridFramework.TestCases.RegistrationTest@ae13544]" started-at="2026-02-21T21:14:16 IST" name="tearDown" finished-at="2026-02-21T21:14:16 IST" duration-ms="322" status="PASS">
          <reporter-output>
          </reporter-output>
        </test-method> <!-- tearDown -->
      </class> <!-- com.HybridFramework.TestCases.RegistrationTest -->
    </test> <!-- edgeTest -->
  </suite> <!-- Suite -->
</testng-results>
